<?xml version="1.0" encoding="UTF-8"?>
<testsuite xmlns:xsi="http://www.w3.org/2001/XMLSchema-instance" xsi:noNamespaceSchemaLocation="https://maven.apache.org/surefire/maven-surefire-plugin/xsd/surefire-test-report-3.0.xsd" version="3.0" name="TestSuite" time="27.981" tests="3" errors="0" skipped="0" failures="0">
  <properties>
[...]
</properties>
  <testcase name="CrossBrowser" classname="CrossBrowserTesting_BrowserStack.CrossBrowserTesting_BrowserStack" time="17.052">
    <system-out><![CDATA[Just a moment...
]]></system-out>
    <system-err><![CDATA[Nov 20, 2022 10:57:41 PM org.openqa.selenium.remote.tracing.opentelemetry.OpenTelemetryTracer createTracer
INFO: Using OpenTelemetry for tracing
Nov 20, 2022 10:57:56 PM org.openqa.selenium.remote.ProtocolHandshake createSession
INFO: Detected upstream dialect: OSS
]]></system-err>
  </testcase>
  <testcase name="CrossBrowser" classname="CrossBrowserTesting_BrowserStack.CrossBrowserTesting_BrowserStack" time="24.681">
    <system-out><![CDATA[Maven Repository: Search/Browse/Explore
]]></system-out>
    <system-err><![CDATA[Nov 20, 2022 10:58:01 PM org.openqa.selenium.remote.ProtocolHandshake createSession
INFO: Detected upstream dialect: OSS
Nov 20, 2022 10:58:02 PM org.openqa.selenium.remote.ProtocolHandshake createSession
INFO: Detected upstream dialect: W3C
]]></system-err>
  </testcase>
  <testcase name="CrossBrowser" classname="CrossBrowserTesting_BrowserStack.CrossBrowserTesting_BrowserStack" time="26.094">
    <system-out><![CDATA[Maven Repository: Search/Browse/Explore
]]></system-out>
  </testcase>
</testsuite>